<?xml version="1.0" encoding="UTF-8"?>
<testsuite xmlns:xsi="http://www.w3.org/2001/XMLSchema-instance" xsi:noNamespaceSchemaLocation="https://maven.apache.org/surefire/maven-surefire-plugin/xsd/surefire-test-report.xsd" name="com.uabc.springapp.service.SimpleProductManagerTests" time="0.044" tests="2" errors="0" skipped="0" failures="0">
  <properties>
[...]
</properties>
  <testcase name="testGetProducts" classname="com.uabc.springapp.service.SimpleProductManagerTests" time="0.004"/>
  <testcase name="testGetProductsWithNoProducts" classname="com.uabc.springapp.service.SimpleProductManagerTests" time="0"/>
</testsuite>